{
  "stats": {
    "suites": 4,
    "tests": 8,
    "passes": 8,
    "pending": 0,
    "failures": 0,
    "start": "2025-06-23T00:51:15.777Z",
    "end": "2025-06-23T00:51:51.787Z",
    "duration": 36010,
    "testsRegistered": 8,
    "passPercent": 100,
    "pendingPercent": 0,
    "other": 0,
    "hasOther": false,
    "skipped": 0,
    "hasSkipped": false
  },
  "results": [
    {
      "uuid": "03468e2e-845e-4121-9075-281025b84a23",
      "title": "",
      "fullFile": "",
      "file": "",
      "beforeHooks": [],
      "afterHooks": [],
      "tests": [],
      "suites": [
        {
          "uuid": "b0f27842-e318-4989-aded-cbbc890a4635",
          "title": "Google Search Test",
          "fullFile": "C:\\Users\\henun\\Sesi9_Hendra\\tests\\test1-web.js",
          "file": "\\tests\\test1-web.js",
          "beforeHooks": [],
          "afterHooks": [],
          "tests": [
            {
              "title": "Test Case 1 - Web Address",
              "fullTitle": "Google Search Test Test Case 1 - Web Address",
              "timedOut": false,
              "duration": 2988,
              "state": "passed",
              "speed": "slow",
              "pass": true,
              "fail": false,
              "pending": false,
              "context": null,
              "code": "//  browser yang dipergunakan chrome\n            driver = await new Builder().forBrowser('chrome').build();\n        \n        //  alamat browser\n            await driver.get('https://www.saucedemo.com');\n        //  cek tampilan dari alamat yang dituju dan menandakan test case 1 sukses\n            const title = await driver.getTitle();\n            assert.strictEqual(title,'Swag Labs');\n        //  menutup web driver\n            await driver.quit();",
              "err": {},
              "uuid": "5101f439-c667-4b26-a319-7dcd24d64b69",
              "parentUUID": "b0f27842-e318-4989-aded-cbbc890a4635",
              "isHook": false,
              "skipped": false
            }
          ],
          "suites": [],
          "passes": [
            "5101f439-c667-4b26-a319-7dcd24d64b69"
          ],
          "failures": [],
          "pending": [],
          "skipped": [],
          "duration": 2988,
          "root": false,
          "rootEmpty": false,
          "_timeout": 60000
        },
        {
          "uuid": "410bd431-03bf-42af-a0e7-d6dd4c4f2c47",
          "title": "Google Search Test",
          "fullFile": "C:\\Users\\henun\\Sesi9_Hendra\\tests\\test2-login.js",
          "file": "\\tests\\test2-login.js",
          "beforeHooks": [],
          "afterHooks": [],
          "tests": [
            {
              "title": "Test Case 2 - Login Negative Test Case",
              "fullTitle": "Google Search Test Test Case 2 - Login Negative Test Case",
              "timedOut": false,
              "duration": 4549,
              "state": "passed",
              "speed": "slow",
              "pass": true,
              "fail": false,
              "pending": false,
              "context": null,
              "code": "const options = new chrome.Options();\noptions.addArguments('--incognito');\ndriver = await new Builder()\n    .forBrowser('chrome')\n    .setChromeOptions(options)\n    .build();\nawait driver.get('https://www.saucedemo.com');\n//  cek lokasi username dengan menggunakan css locator\n    let inputUsername = await driver.findElement(By.css('[data-test=\"username\"]'))\n    \n//  cek lokasi password dengan menggunakan xpath locator\n    let inputPassword = await driver.findElement(By.xpath('//*[@data-test=\"password\"]'))\n//  cek lokasi tombol login dengan menggunakan classname locator\n    let buttonLogin = await driver.findElement(By.className('submit-button btn_action'))\n    \n//  input username dengan invalid username, valid password dan klik tombol login dengan negative test case        \n    await inputUsername.sendKeys('standard_us')\n    await inputPassword.sendKeys('secret_sauce')\n    await buttonLogin.click()\n//  Mengambil teks dari elemen pesan error\n    let errorMessageElement = await driver.wait(until.elementLocated(By.css('[data-test=\"error\"]')), 2000);\n    let actualErrorMessage = await errorMessageElement.getText();\n//  Membandingkan teks pesan error yang didapat dengan teks pesan error yang diharapkan\n    assert.strictEqual(actualErrorMessage, 'Epic sadface: Username and password do not match any user in this service', 'Pesan error tidak sesuai dengan yang diharapkan.');\n//  Driver akan ditutup\n    await driver.sleep(1000)\n    await driver.quit();",
              "err": {},
              "uuid": "78e08307-b0be-466c-9548-fea82b76ce63",
              "parentUUID": "410bd431-03bf-42af-a0e7-d6dd4c4f2c47",
              "isHook": false,
              "skipped": false
            },
            {
              "title": "Test Case 3 - Login Positive Test Case",
              "fullTitle": "Google Search Test Test Case 3 - Login Positive Test Case",
              "timedOut": false,
              "duration": 4662,
              "state": "passed",
              "speed": "slow",
              "pass": true,
              "fail": false,
              "pending": false,
              "context": null,
              "code": "const options = new chrome.Options();\noptions.addArguments('--incognito');\ndriver = await new Builder()\n    .forBrowser('chrome')\n    .setChromeOptions(options)\n    .build();\nawait driver.get('https://www.saucedemo.com');\n//  cek lokasi username dengan menggunakan css locator\n    let inputUsername = await driver.findElement(By.css('[data-test=\"username\"]'))\n    \n//  cek lokasi password dengan menggunakan xpath locator\n    let inputPassword = await driver.findElement(By.xpath('//*[@data-test=\"password\"]'))\n//  cek lokasi tombol login dengan menggunakan classname locator\n    let buttonLogin = await driver.findElement(By.className('submit-button btn_action'))\n    \n//  input valid username, valid password dan klik tombol login dengan positive test case        \n    await inputUsername.sendKeys('standard_user')\n    await inputPassword.sendKeys('secret_sauce')\n    await buttonLogin.click()\n//  Memberi waktu maksimal 2 detik\n    await driver.wait(until.urlContains('/inventory.html'), 2000, 'Login failed: did not redirect to inventory page within 2 seconds.');\n\n    //  Verifikasi judul halaman setelah login\n        let pageTitle = await driver.getTitle();\n        assert.strictEqual(pageTitle, 'Swag Labs', 'Page title should be \"Swag Labs\" after successful login.');\n        console.log('Login successful and page title \"Swag Labs\" is correct.');\n        \n    //  Driver akan ditutup\n        await driver.sleep(1000)\n        await driver.quit();",
              "err": {},
              "uuid": "0ec463ba-469f-49df-8a50-b7430884a4aa",
              "parentUUID": "410bd431-03bf-42af-a0e7-d6dd4c4f2c47",
              "isHook": false,
              "skipped": false
            }
          ],
          "suites": [],
          "passes": [
            "78e08307-b0be-466c-9548-fea82b76ce63",
            "0ec463ba-469f-49df-8a50-b7430884a4aa"
          ],
          "failures": [],
          "pending": [],
          "skipped": [],
          "duration": 9211,
          "root": false,
          "rootEmpty": false,
          "_timeout": 60000
        },
        {
          "uuid": "633b4a56-a87d-408e-a6cb-ba1ae0ecb293",
          "title": "Google Search Test",
          "fullFile": "C:\\Users\\henun\\Sesi9_Hendra\\tests\\test3-sort.js",
          "file": "\\tests\\test3-sort.js",
          "beforeHooks": [],
          "afterHooks": [],
          "tests": [
            {
              "title": "Test Case 4 - Sort Product Z - A",
              "fullTitle": "Google Search Test Test Case 4 - Sort Product Z - A",
              "timedOut": false,
              "duration": 5536,
              "state": "passed",
              "speed": "slow",
              "pass": true,
              "fail": false,
              "pending": false,
              "context": null,
              "code": "const options = new chrome.Options();\noptions.addArguments('--incognito');\ndriver = await new Builder()\n    .forBrowser('chrome')\n    .setChromeOptions(options)\n    .build();\nawait driver.get('https://www.saucedemo.com');\nlet inputUsername = await driver.findElement(By.css('[data-test=\"username\"]'))\nlet inputPassword = await driver.findElement(By.xpath('//*[@data-test=\"password\"]'))\nlet buttonLogin = await driver.findElement(By.className('submit-button btn_action'))\n    \nawait inputUsername.sendKeys('standard_user')\nawait inputPassword.sendKeys('secret_sauce')\nawait buttonLogin.click()\n// Memberi waktu untuk membuka inventory html\nawait driver.wait(until.urlContains('/inventory.html'), 2000, 'Login failed within 2 seconds.');\nlet pageTitle = await driver.getTitle();\nassert.strictEqual(pageTitle, 'Swag Labs', 'Page title \"Swag Labs\" after successful login.');\nconsole.log('Login successful');\n//Klik Value Z - A\nconst optionZa = await driver.findElement(By.xpath(\"//select[@class='product_sort_container']/option[@value='za']\"));\nawait optionZa.click();\nlet product_sort_container = await driver.findElement(By.xpath('//div[normalize-space()=\"Test.allTheThings() T-Shirt (Red)\"]'));\n//Cek urutan produk\nlet isProductDisplayed = await product_sort_container.isDisplayed();\nassert.strictEqual(isProductDisplayed, true, 'The \"Test.allTheThings() T-Shirt (Red)\" product should be displayed.');\nconsole.log('Berhasil mengklik opsi \"Name (Z to A)\".');\nawait driver.sleep(1700)\nawait driver.quit()",
              "err": {},
              "uuid": "95258d1e-902f-44c8-a457-711b5d389bd4",
              "parentUUID": "633b4a56-a87d-408e-a6cb-ba1ae0ecb293",
              "isHook": false,
              "skipped": false
            }
          ],
          "suites": [],
          "passes": [
            "95258d1e-902f-44c8-a457-711b5d389bd4"
          ],
          "failures": [],
          "pending": [],
          "skipped": [],
          "duration": 5536,
          "root": false,
          "rootEmpty": false,
          "_timeout": 60000
        },
        {
          "uuid": "8a75a77b-ef4e-4086-a776-40ba469863a1",
          "title": "Google Search Test",
          "fullFile": "C:\\Users\\henun\\Sesi9_Hendra\\tests\\test_all.js",
          "file": "\\tests\\test_all.js",
          "beforeHooks": [],
          "afterHooks": [],
          "tests": [
            {
              "title": "Test Case 1 - Web Address",
              "fullTitle": "Google Search Test Test Case 1 - Web Address",
              "timedOut": false,
              "duration": 3080,
              "state": "passed",
              "speed": "slow",
              "pass": true,
              "fail": false,
              "pending": false,
              "context": null,
              "code": "const options = new chrome.Options();\noptions.addArguments('--incognito');\n\n        driver = await new Builder()\n.forBrowser('chrome')\n.setChromeOptions(options)\n.build();\nawait driver.get('https://www.saucedemo.com');\n        \n        //  cek tampilan dari alamat yang dituju dan menandakan test case 1 sukses\nconst title = await driver.getTitle();\nassert.strictEqual(title,'Swag Labs');\n        \n        //  Driver akan ditutup\nawait driver.quit();",
              "err": {},
              "uuid": "6699778b-2ccb-4119-8e69-bd0d3dfa8e4f",
              "parentUUID": "8a75a77b-ef4e-4086-a776-40ba469863a1",
              "isHook": false,
              "skipped": false
            },
            {
              "title": "Test Case 2 - Login Negative Test Case",
              "fullTitle": "Google Search Test Test Case 2 - Login Negative Test Case",
              "timedOut": false,
              "duration": 4719,
              "state": "passed",
              "speed": "slow",
              "pass": true,
              "fail": false,
              "pending": false,
              "context": null,
              "code": "const options = new chrome.Options();\noptions.addArguments('--incognito');\n\n        driver = await new Builder()\n.forBrowser('chrome')\n.setChromeOptions(options)\n.build();\nawait driver.get('https://www.saucedemo.com');\n\n        //  cek lokasi username dengan menggunakan css locator\nlet inputUsername = await driver.findElement(By.css('[data-test=\"username\"]'))\n\n        //  cek lokasi password dengan menggunakan xpath locator\nlet inputPassword = await driver.findElement(By.xpath('//*[@data-test=\"password\"]'))\n\n        //  cek lokasi tombol login dengan menggunakan classname locator\nlet buttonLogin = await driver.findElement(By.className('submit-button btn_action'))\n\n        //  input username dengan invalid username, valid password dan klik tombol login dengan negative test case        \nawait inputUsername.sendKeys('standard_us')\nawait inputPassword.sendKeys('secret_sauce')\nawait buttonLogin.click()\n\n        //  Mengambil teks dari elemen pesan error\nlet errorMessageElement = await driver.wait(until.elementLocated(By.css('[data-test=\"error\"]')), 2000);\nlet actualErrorMessage = await errorMessageElement.getText();\n\n        //  Membandingkan teks pesan error yang didapat dengan teks pesan error yang diharapkan\nassert.strictEqual(actualErrorMessage, 'Epic sadface: Username and password do not match any user in this service', 'Pesan error tidak sesuai dengan yang diharapkan.');\n\n        //  Driver akan ditutup\nawait driver.sleep(1000)\nawait driver.quit();",
              "err": {},
              "uuid": "b9e50e08-c68f-4533-bada-a1cbf8bf1562",
              "parentUUID": "8a75a77b-ef4e-4086-a776-40ba469863a1",
              "isHook": false,
              "skipped": false
            },
            {
              "title": "Test Case 3 - Login Positive Test Case",
              "fullTitle": "Google Search Test Test Case 3 - Login Positive Test Case",
              "timedOut": false,
              "duration": 4879,
              "state": "passed",
              "speed": "slow",
              "pass": true,
              "fail": false,
              "pending": false,
              "context": null,
              "code": "const options = new chrome.Options();\noptions.addArguments('--incognito');\n\n        driver = await new Builder()\n.forBrowser('chrome')\n.setChromeOptions(options)\n.build();\nawait driver.get('https://www.saucedemo.com');\n\n        //  cek lokasi username dengan menggunakan css locator\nlet inputUsername = await driver.findElement(By.css('[data-test=\"username\"]'))\n\n        //  cek lokasi password dengan menggunakan xpath locator\nlet inputPassword = await driver.findElement(By.xpath('//*[@data-test=\"password\"]'))\n\n        //  cek lokasi tombol login dengan menggunakan classname locator\nlet buttonLogin = await driver.findElement(By.className('submit-button btn_action'))\n\n        //  input valid username, valid password dan klik tombol login dengan positive test case        \nawait inputUsername.sendKeys('standard_user')\nawait inputPassword.sendKeys('secret_sauce')\nawait buttonLogin.click()\n\n        //  Memberi waktu maksimal 2 detik\nawait driver.wait(until.urlContains('/inventory.html'), 2000, 'Login failed: did not redirect to inventory page within 2 seconds.');\n        \n        //  Verifikasi judul halaman setelah login\nlet pageTitle = await driver.getTitle();\nassert.strictEqual(pageTitle, 'Swag Labs', 'Page title should be \"Swag Labs\" after successful login.');\nconsole.log('Login successful and page title \"Swag Labs\" is correct.');\n    \n        //  Driver akan ditutup\nawait driver.sleep(1000)\nawait driver.quit();",
              "err": {},
              "uuid": "f4a1e043-2af4-4560-88d1-490a6f4d5ed2",
              "parentUUID": "8a75a77b-ef4e-4086-a776-40ba469863a1",
              "isHook": false,
              "skipped": false
            },
            {
              "title": "Test Case 4 - Sort Product Z - A",
              "fullTitle": "Google Search Test Test Case 4 - Sort Product Z - A",
              "timedOut": false,
              "duration": 5570,
              "state": "passed",
              "speed": "slow",
              "pass": true,
              "fail": false,
              "pending": false,
              "context": null,
              "code": "const options = new chrome.Options();\noptions.addArguments('--incognito');\n         \n        driver = await new Builder()\n.forBrowser('chrome')\n.setChromeOptions(options)\n.build();\nawait driver.get('https://www.saucedemo.com');\n         \nlet inputUsername = await driver.findElement(By.css('[data-test=\"username\"]'))\nlet inputPassword = await driver.findElement(By.xpath('//*[@data-test=\"password\"]'))\nlet buttonLogin = await driver.findElement(By.className('submit-button btn_action'))\n         \nawait inputUsername.sendKeys('standard_user')\nawait inputPassword.sendKeys('secret_sauce')\nawait buttonLogin.click()\n         \n        //  Memberi waktu untuk membuka inventory html\nawait driver.wait(until.urlContains('/inventory.html'), 2000, 'Login failed within 2 seconds.');\nlet pageTitle = await driver.getTitle();\nassert.strictEqual(pageTitle, 'Swag Labs', 'Page title \"Swag Labs\" after successful login.');\nconsole.log('Login successful');\n         \n        //Klik Value Z - A\nconst optionZa = await driver.findElement(By.xpath(\"//select[@class='product_sort_container']/option[@value='za']\"));\nawait optionZa.click();\nlet product_sort_container = await driver.findElement(By.xpath('//div[normalize-space()=\"Test.allTheThings() T-Shirt (Red)\"]'));\n         \n        //Cek urutan produk\nlet isProductDisplayed = await product_sort_container.isDisplayed();\nassert.strictEqual(isProductDisplayed, true, 'The \"Test.allTheThings() T-Shirt (Red)\" product should be displayed.');\nconsole.log('Berhasil mengklik opsi \"Name (Z to A)\".');\n         \n        //  Driver diberi delay sebelum ditutup  \nawait driver.sleep(1700)\nawait driver.quit();",
              "err": {},
              "uuid": "47af0640-46ae-4ed0-a68d-753efe683af5",
              "parentUUID": "8a75a77b-ef4e-4086-a776-40ba469863a1",
              "isHook": false,
              "skipped": false
            }
          ],
          "suites": [],
          "passes": [
            "6699778b-2ccb-4119-8e69-bd0d3dfa8e4f",
            "b9e50e08-c68f-4533-bada-a1cbf8bf1562",
            "f4a1e043-2af4-4560-88d1-490a6f4d5ed2",
            "47af0640-46ae-4ed0-a68d-753efe683af5"
          ],
          "failures": [],
          "pending": [],
          "skipped": [],
          "duration": 18248,
          "root": false,
          "rootEmpty": false,
          "_timeout": 60000
        }
      ],
      "passes": [],
      "failures": [],
      "pending": [],
      "skipped": [],
      "duration": 0,
      "root": true,
      "rootEmpty": true,
      "_timeout": 60000
    }
  ],
  "meta": {
    "mocha": {
      "version": "10.8.2"
    },
    "mochawesome": {
      "options": {
        "quiet": false,
        "reportFilename": "mochawesome",
        "saveHtml": true,
        "saveJson": true,
        "consoleReporter": "spec",
        "useInlineDiffs": false,
        "code": true
      },
      "version": "7.1.3"
    },
    "marge": {
      "options": null,
      "version": "6.2.0"
    }
  }
}