{
  "stats": {
    "suites": 4,
    "tests": 8,
    "passes": 8,
    "pending": 0,
    "failures": 0,
    "start": "2025-06-22T23:02:33.007Z",
    "end": "2025-06-22T23:02:58.508Z",
    "duration": 25501,
    "testsRegistered": 8,
    "passPercent": 100,
    "pendingPercent": 0,
    "other": 0,
    "hasOther": false,
    "skipped": 0,
    "hasSkipped": false
  },
  "results": [
    {
      "uuid": "3e89de1c-9d6f-4b98-a045-e728501584ac",
      "title": "",
      "fullFile": "",
      "file": "",
      "beforeHooks": [],
      "afterHooks": [],
      "tests": [],
      "suites": [
        {
          "uuid": "7675dcd2-9c8f-4773-93fb-83c86438aa42",
          "title": "Google Search Test",
          "fullFile": "C:\\Users\\henun\\Sesi9_Hendra\\tests\\test1-web.js",
          "file": "\\tests\\test1-web.js",
          "beforeHooks": [],
          "afterHooks": [],
          "tests": [
            {
              "title": "Test Case 1 - Web Address",
              "fullTitle": "Google Search Test Test Case 1 - Web Address",
              "timedOut": false,
              "duration": 2783,
              "state": "passed",
              "speed": "slow",
              "pass": true,
              "fail": false,
              "pending": false,
              "context": null,
              "code": "//  browser yang dipergunakan chrome\n            driver = await new Builder().forBrowser('chrome').build();\n        \n        //  alamat browser\n            await driver.get('https://www.saucedemo.com');\n        //  cek tampilan dari alamat yang dituju dan menandakan test case 1 sukses\n            const title = await driver.getTitle();\n            assert.strictEqual(title,'Swag Labs');\n        //  menutup web driver\n            await driver.quit();",
              "err": {},
              "uuid": "b23e0d28-204b-4029-afc7-5a64a8ca6c7b",
              "parentUUID": "7675dcd2-9c8f-4773-93fb-83c86438aa42",
              "isHook": false,
              "skipped": false
            }
          ],
          "suites": [],
          "passes": [
            "b23e0d28-204b-4029-afc7-5a64a8ca6c7b"
          ],
          "failures": [],
          "pending": [],
          "skipped": [],
          "duration": 2783,
          "root": false,
          "rootEmpty": false,
          "_timeout": 60000
        },
        {
          "uuid": "beea9c65-7b17-4e59-8ff7-995948df999c",
          "title": "Google Search Test",
          "fullFile": "C:\\Users\\henun\\Sesi9_Hendra\\tests\\test2-login.js",
          "file": "\\tests\\test2-login.js",
          "beforeHooks": [],
          "afterHooks": [],
          "tests": [
            {
              "title": "Test Case 2 - Login Negative Test Case",
              "fullTitle": "Google Search Test Test Case 2 - Login Negative Test Case",
              "timedOut": false,
              "duration": 3359,
              "state": "passed",
              "speed": "slow",
              "pass": true,
              "fail": false,
              "pending": false,
              "context": null,
              "code": "const options = new chrome.Options();\noptions.addArguments('--incognito');\ndriver = await new Builder()\n    .forBrowser('chrome')\n    .setChromeOptions(options)\n    .build();\nawait driver.get('https://www.saucedemo.com');\n//  cek lokasi username dengan menggunakan css locator\n    let inputUsername = await driver.findElement(By.css('[data-test=\"username\"]'))\n    \n//  cek lokasi password dengan menggunakan xpath locator\n    let inputPassword = await driver.findElement(By.xpath('//*[@data-test=\"password\"]'))\n//  cek lokasi tombol login dengan menggunakan classname locator\n    let buttonLogin = await driver.findElement(By.className('submit-button btn_action'))\n    \n//  input username dengan invalid username, valid password dan klik tombol login dengan negative test case        \n    await inputUsername.sendKeys('standard_us')\n    await inputPassword.sendKeys('secret_sauce')\n    await buttonLogin.click()\n//  Mengambil teks dari elemen pesan error\n    let errorMessageElement = await driver.wait(until.elementLocated(By.css('[data-test=\"error\"]')), 2000);\n    let actualErrorMessage = await errorMessageElement.getText();\n//  Membandingkan teks pesan error yang didapat dengan teks pesan error yang diharapkan\n    assert.strictEqual(actualErrorMessage, 'Epic sadface: Username and password do not match any user in this service', 'Pesan error tidak sesuai dengan yang diharapkan.');\n//  Driver akan ditutup\n    await driver.quit();",
              "err": {},
              "uuid": "d0b0147c-435d-4b3f-acf3-52efb54c72cd",
              "parentUUID": "beea9c65-7b17-4e59-8ff7-995948df999c",
              "isHook": false,
              "skipped": false
            },
            {
              "title": "Test Case 3 - Login Positive Test Case",
              "fullTitle": "Google Search Test Test Case 3 - Login Positive Test Case",
              "timedOut": false,
              "duration": 3302,
              "state": "passed",
              "speed": "slow",
              "pass": true,
              "fail": false,
              "pending": false,
              "context": null,
              "code": "const options = new chrome.Options();\noptions.addArguments('--incognito');\ndriver = await new Builder()\n    .forBrowser('chrome')\n    .setChromeOptions(options)\n    .build();\nawait driver.get('https://www.saucedemo.com');\n//  cek lokasi username dengan menggunakan css locator\n    let inputUsername = await driver.findElement(By.css('[data-test=\"username\"]'))\n    \n//  cek lokasi password dengan menggunakan xpath locator\n    let inputPassword = await driver.findElement(By.xpath('//*[@data-test=\"password\"]'))\n//  cek lokasi tombol login dengan menggunakan classname locator\n    let buttonLogin = await driver.findElement(By.className('submit-button btn_action'))\n    \n//  input valid username, valid password dan klik tombol login dengan positive test case        \n    await inputUsername.sendKeys('standard_user')\n    await inputPassword.sendKeys('secret_sauce')\n    await buttonLogin.click()\n//  Memberi waktu maksimal 2 detik\n    await driver.wait(until.urlContains('/inventory.html'), 2000, 'Login failed: did not redirect to inventory page within 2 seconds.');\n\n    //  Verifikasi judul halaman setelah login\n        let pageTitle = await driver.getTitle();\n        assert.strictEqual(pageTitle, 'Swag Labs', 'Page title should be \"Swag Labs\" after successful login.');\n        console.log('Login successful and page title \"Swag Labs\" is correct.');\n        \n    //  Driver akan ditutup\n        await driver.quit();",
              "err": {},
              "uuid": "2e176f90-3d16-490d-af2d-9e3572707b65",
              "parentUUID": "beea9c65-7b17-4e59-8ff7-995948df999c",
              "isHook": false,
              "skipped": false
            }
          ],
          "suites": [],
          "passes": [
            "d0b0147c-435d-4b3f-acf3-52efb54c72cd",
            "2e176f90-3d16-490d-af2d-9e3572707b65"
          ],
          "failures": [],
          "pending": [],
          "skipped": [],
          "duration": 6661,
          "root": false,
          "rootEmpty": false,
          "_timeout": 60000
        },
        {
          "uuid": "2f85fdd9-e8fa-4703-8303-26f2ef228a08",
          "title": "Google Search Test",
          "fullFile": "C:\\Users\\henun\\Sesi9_Hendra\\tests\\test3-sort.js",
          "file": "\\tests\\test3-sort.js",
          "beforeHooks": [],
          "afterHooks": [],
          "tests": [
            {
              "title": "Test Case 4 - Sort Product Z - A",
              "fullTitle": "Google Search Test Test Case 4 - Sort Product Z - A",
              "timedOut": false,
              "duration": 3846,
              "state": "passed",
              "speed": "slow",
              "pass": true,
              "fail": false,
              "pending": false,
              "context": null,
              "code": "const options = new chrome.Options();\noptions.addArguments('--incognito');\ndriver = await new Builder()\n    .forBrowser('chrome')\n    .setChromeOptions(options)\n    .build();\nawait driver.get('https://www.saucedemo.com');\nlet inputUsername = await driver.findElement(By.css('[data-test=\"username\"]'))\nlet inputPassword = await driver.findElement(By.xpath('//*[@data-test=\"password\"]'))\nlet buttonLogin = await driver.findElement(By.className('submit-button btn_action'))\n    \nawait inputUsername.sendKeys('standard_user')\nawait inputPassword.sendKeys('secret_sauce')\nawait buttonLogin.click()\n// Memberi waktu untuk membuka inventory html\nawait driver.wait(until.urlContains('/inventory.html'), 2000, 'Login failed within 2 seconds.');\nlet pageTitle = await driver.getTitle();\nassert.strictEqual(pageTitle, 'Swag Labs', 'Page title \"Swag Labs\" after successful login.');\nconsole.log('Login successful');\n//Klik Value Z - A\nconst optionZa = await driver.findElement(By.xpath(\"//select[@class='product_sort_container']/option[@value='za']\"));\nawait optionZa.click();\nlet product_sort_container = await driver.findElement(By.xpath('//div[normalize-space()=\"Test.allTheThings() T-Shirt (Red)\"]'));\n//Cek urutan produk\nlet isProductDisplayed = await product_sort_container.isDisplayed();\nassert.strictEqual(isProductDisplayed, true, 'The \"Test.allTheThings() T-Shirt (Red)\" product should be displayed.');\nconsole.log('Berhasil mengklik opsi \"Name (Z to A)\".');\nawait driver.quit()",
              "err": {},
              "uuid": "b37911ce-7d1c-418d-bda9-8a78de7425ab",
              "parentUUID": "2f85fdd9-e8fa-4703-8303-26f2ef228a08",
              "isHook": false,
              "skipped": false
            }
          ],
          "suites": [],
          "passes": [
            "b37911ce-7d1c-418d-bda9-8a78de7425ab"
          ],
          "failures": [],
          "pending": [],
          "skipped": [],
          "duration": 3846,
          "root": false,
          "rootEmpty": false,
          "_timeout": 60000
        },
        {
          "uuid": "617f81a5-3225-4b5a-8ddf-576837b20ffc",
          "title": "Google Search Test",
          "fullFile": "C:\\Users\\henun\\Sesi9_Hendra\\tests\\test_all.js",
          "file": "\\tests\\test_all.js",
          "beforeHooks": [],
          "afterHooks": [],
          "tests": [
            {
              "title": "Test Case 1 - Web Address",
              "fullTitle": "Google Search Test Test Case 1 - Web Address",
              "timedOut": false,
              "duration": 2835,
              "state": "passed",
              "speed": "slow",
              "pass": true,
              "fail": false,
              "pending": false,
              "context": null,
              "code": "const options = new chrome.Options();\noptions.addArguments('--incognito');\n\n        driver = await new Builder()\n.forBrowser('chrome')\n.setChromeOptions(options)\n.build();\nawait driver.get('https://www.saucedemo.com');\n        \n        //  cek tampilan dari alamat yang dituju dan menandakan test case 1 sukses\nconst title = await driver.getTitle();\nassert.strictEqual(title,'Swag Labs');\n        \n        //  Driver akan ditutup\nawait driver.quit();",
              "err": {},
              "uuid": "3f9eff6d-17d6-4e21-bae0-14e1bb9cb83e",
              "parentUUID": "617f81a5-3225-4b5a-8ddf-576837b20ffc",
              "isHook": false,
              "skipped": false
            },
            {
              "title": "Test Case 2 - Login Negative Test Case",
              "fullTitle": "Google Search Test Test Case 2 - Login Negative Test Case",
              "timedOut": false,
              "duration": 3098,
              "state": "passed",
              "speed": "slow",
              "pass": true,
              "fail": false,
              "pending": false,
              "context": null,
              "code": "const options = new chrome.Options();\noptions.addArguments('--incognito');\n\n        driver = await new Builder()\n.forBrowser('chrome')\n.setChromeOptions(options)\n.build();\nawait driver.get('https://www.saucedemo.com');\n\n        //  cek lokasi username dengan menggunakan css locator\nlet inputUsername = await driver.findElement(By.css('[data-test=\"username\"]'))\n\n        //  cek lokasi password dengan menggunakan xpath locator\nlet inputPassword = await driver.findElement(By.xpath('//*[@data-test=\"password\"]'))\n\n        //  cek lokasi tombol login dengan menggunakan classname locator\nlet buttonLogin = await driver.findElement(By.className('submit-button btn_action'))\n\n        //  input username dengan invalid username, valid password dan klik tombol login dengan negative test case        \nawait inputUsername.sendKeys('standard_us')\nawait inputPassword.sendKeys('secret_sauce')\nawait buttonLogin.click()\n\n        //  Mengambil teks dari elemen pesan error\nlet errorMessageElement = await driver.wait(until.elementLocated(By.css('[data-test=\"error\"]')), 2000);\nlet actualErrorMessage = await errorMessageElement.getText();\n\n        //  Membandingkan teks pesan error yang didapat dengan teks pesan error yang diharapkan\nassert.strictEqual(actualErrorMessage, 'Epic sadface: Username and password do not match any user in this service', 'Pesan error tidak sesuai dengan yang diharapkan.');\n\n        //  Driver akan ditutup\nawait driver.quit();",
              "err": {},
              "uuid": "a6ee4e92-413b-4e9d-abaa-5e657e244e8b",
              "parentUUID": "617f81a5-3225-4b5a-8ddf-576837b20ffc",
              "isHook": false,
              "skipped": false
            },
            {
              "title": "Test Case 3 - Login Positive Test Case",
              "fullTitle": "Google Search Test Test Case 3 - Login Positive Test Case",
              "timedOut": false,
              "duration": 3191,
              "state": "passed",
              "speed": "slow",
              "pass": true,
              "fail": false,
              "pending": false,
              "context": null,
              "code": "const options = new chrome.Options();\noptions.addArguments('--incognito');\n\n        driver = await new Builder()\n.forBrowser('chrome')\n.setChromeOptions(options)\n.build();\nawait driver.get('https://www.saucedemo.com');\n\n        //  cek lokasi username dengan menggunakan css locator\nlet inputUsername = await driver.findElement(By.css('[data-test=\"username\"]'))\n\n        //  cek lokasi password dengan menggunakan xpath locator\nlet inputPassword = await driver.findElement(By.xpath('//*[@data-test=\"password\"]'))\n\n        //  cek lokasi tombol login dengan menggunakan classname locator\nlet buttonLogin = await driver.findElement(By.className('submit-button btn_action'))\n\n        //  input valid username, valid password dan klik tombol login dengan positive test case        \nawait inputUsername.sendKeys('standard_user')\nawait inputPassword.sendKeys('secret_sauce')\nawait buttonLogin.click()\n\n        //  Memberi waktu maksimal 2 detik\nawait driver.wait(until.urlContains('/inventory.html'), 2000, 'Login failed: did not redirect to inventory page within 2 seconds.');\n        \n        //  Verifikasi judul halaman setelah login\nlet pageTitle = await driver.getTitle();\nassert.strictEqual(pageTitle, 'Swag Labs', 'Page title should be \"Swag Labs\" after successful login.');\nconsole.log('Login successful and page title \"Swag Labs\" is correct.');\n    \n        //  Driver akan ditutup\nawait driver.quit();",
              "err": {},
              "uuid": "4e7ea6aa-853d-40d0-a60c-febde4613cf9",
              "parentUUID": "617f81a5-3225-4b5a-8ddf-576837b20ffc",
              "isHook": false,
              "skipped": false
            },
            {
              "title": "Test Case 4 - Sort Product Z - A",
              "fullTitle": "Google Search Test Test Case 4 - Sort Product Z - A",
              "timedOut": false,
              "duration": 3062,
              "state": "passed",
              "speed": "slow",
              "pass": true,
              "fail": false,
              "pending": false,
              "context": null,
              "code": "const options = new chrome.Options();\noptions.addArguments('--incognito');\n         \n        driver = await new Builder()\n.forBrowser('chrome')\n.setChromeOptions(options)\n.build();\nawait driver.get('https://www.saucedemo.com');\n         \nlet inputUsername = await driver.findElement(By.css('[data-test=\"username\"]'))\nlet inputPassword = await driver.findElement(By.xpath('//*[@data-test=\"password\"]'))\nlet buttonLogin = await driver.findElement(By.className('submit-button btn_action'))\n         \nawait inputUsername.sendKeys('standard_user')\nawait inputPassword.sendKeys('secret_sauce')\nawait buttonLogin.click()\n         \n        //  Memberi waktu untuk membuka inventory html\nawait driver.wait(until.urlContains('/inventory.html'), 2000, 'Login failed within 2 seconds.');\nlet pageTitle = await driver.getTitle();\nassert.strictEqual(pageTitle, 'Swag Labs', 'Page title \"Swag Labs\" after successful login.');\nconsole.log('Login successful');\n         \n        //Klik Value Z - A\nconst optionZa = await driver.findElement(By.xpath(\"//select[@class='product_sort_container']/option[@value='za']\"));\nawait optionZa.click();\nlet product_sort_container = await driver.findElement(By.xpath('//div[normalize-space()=\"Test.allTheThings() T-Shirt (Red)\"]'));\n         \n        //Cek urutan produk\nlet isProductDisplayed = await product_sort_container.isDisplayed();\nassert.strictEqual(isProductDisplayed, true, 'The \"Test.allTheThings() T-Shirt (Red)\" product should be displayed.');\nconsole.log('Berhasil mengklik opsi \"Name (Z to A)\".');\n         \n        //  Driver akan ditutup   \nawait driver.quit();",
              "err": {},
              "uuid": "9d4179d1-3c92-41f5-97df-fc425c2c9606",
              "parentUUID": "617f81a5-3225-4b5a-8ddf-576837b20ffc",
              "isHook": false,
              "skipped": false
            }
          ],
          "suites": [],
          "passes": [
            "3f9eff6d-17d6-4e21-bae0-14e1bb9cb83e",
            "a6ee4e92-413b-4e9d-abaa-5e657e244e8b",
            "4e7ea6aa-853d-40d0-a60c-febde4613cf9",
            "9d4179d1-3c92-41f5-97df-fc425c2c9606"
          ],
          "failures": [],
          "pending": [],
          "skipped": [],
          "duration": 12186,
          "root": false,
          "rootEmpty": false,
          "_timeout": 60000
        }
      ],
      "passes": [],
      "failures": [],
      "pending": [],
      "skipped": [],
      "duration": 0,
      "root": true,
      "rootEmpty": true,
      "_timeout": 60000
    }
  ],
  "meta": {
    "mocha": {
      "version": "10.8.2"
    },
    "mochawesome": {
      "options": {
        "quiet": false,
        "reportFilename": "mochawesome",
        "saveHtml": true,
        "saveJson": true,
        "consoleReporter": "spec",
        "useInlineDiffs": false,
        "code": true
      },
      "version": "7.1.3"
    },
    "marge": {
      "options": null,
      "version": "6.2.0"
    }
  }
}