{
  "stats": {
    "suites": 4,
    "tests": 8,
    "passes": 8,
    "pending": 0,
    "failures": 0,
    "start": "2025-06-23T00:36:11.092Z",
    "end": "2025-06-23T00:36:43.069Z",
    "duration": 31977,
    "testsRegistered": 8,
    "passPercent": 100,
    "pendingPercent": 0,
    "other": 0,
    "hasOther": false,
    "skipped": 0,
    "hasSkipped": false
  },
  "results": [
    {
      "uuid": "22dcb54f-c0c8-48d7-b38b-936436047aa5",
      "title": "",
      "fullFile": "",
      "file": "",
      "beforeHooks": [],
      "afterHooks": [],
      "tests": [],
      "suites": [
        {
          "uuid": "e14e0c86-d7cb-4904-8b66-d7b3fa0ea492",
          "title": "Google Search Test",
          "fullFile": "C:\\Users\\henun\\Sesi9_Hendra\\tests\\test1-web.js",
          "file": "\\tests\\test1-web.js",
          "beforeHooks": [],
          "afterHooks": [],
          "tests": [
            {
              "title": "Test Case 1 - Web Address",
              "fullTitle": "Google Search Test Test Case 1 - Web Address",
              "timedOut": false,
              "duration": 3099,
              "state": "passed",
              "speed": "slow",
              "pass": true,
              "fail": false,
              "pending": false,
              "context": null,
              "code": "//  browser yang dipergunakan chrome\n            driver = await new Builder().forBrowser('chrome').build();\n        \n        //  alamat browser\n            await driver.get('https://www.saucedemo.com');\n        //  cek tampilan dari alamat yang dituju dan menandakan test case 1 sukses\n            const title = await driver.getTitle();\n            assert.strictEqual(title,'Swag Labs');\n        //  menutup web driver\n            await driver.quit();",
              "err": {},
              "uuid": "5795fe45-f702-44a4-afea-168c4aa0b495",
              "parentUUID": "e14e0c86-d7cb-4904-8b66-d7b3fa0ea492",
              "isHook": false,
              "skipped": false
            }
          ],
          "suites": [],
          "passes": [
            "5795fe45-f702-44a4-afea-168c4aa0b495"
          ],
          "failures": [],
          "pending": [],
          "skipped": [],
          "duration": 3099,
          "root": false,
          "rootEmpty": false,
          "_timeout": 60000
        },
        {
          "uuid": "3732f71d-4ca7-4f97-ab4d-c1c31961a2cf",
          "title": "Google Search Test",
          "fullFile": "C:\\Users\\henun\\Sesi9_Hendra\\tests\\test2-login.js",
          "file": "\\tests\\test2-login.js",
          "beforeHooks": [],
          "afterHooks": [],
          "tests": [
            {
              "title": "Test Case 2 - Login Negative Test Case",
              "fullTitle": "Google Search Test Test Case 2 - Login Negative Test Case",
              "timedOut": false,
              "duration": 3626,
              "state": "passed",
              "speed": "slow",
              "pass": true,
              "fail": false,
              "pending": false,
              "context": null,
              "code": "const options = new chrome.Options();\noptions.addArguments('--incognito');\ndriver = await new Builder()\n    .forBrowser('chrome')\n    .setChromeOptions(options)\n    .build();\nawait driver.get('https://www.saucedemo.com');\n//  cek lokasi username dengan menggunakan css locator\n    let inputUsername = await driver.findElement(By.css('[data-test=\"username\"]'))\n    \n//  cek lokasi password dengan menggunakan xpath locator\n    let inputPassword = await driver.findElement(By.xpath('//*[@data-test=\"password\"]'))\n//  cek lokasi tombol login dengan menggunakan classname locator\n    let buttonLogin = await driver.findElement(By.className('submit-button btn_action'))\n    \n//  input username dengan invalid username, valid password dan klik tombol login dengan negative test case        \n    await inputUsername.sendKeys('standard_us')\n    await inputPassword.sendKeys('secret_sauce')\n    await buttonLogin.click()\n//  Mengambil teks dari elemen pesan error\n    let errorMessageElement = await driver.wait(until.elementLocated(By.css('[data-test=\"error\"]')), 2000);\n    let actualErrorMessage = await errorMessageElement.getText();\n//  Membandingkan teks pesan error yang didapat dengan teks pesan error yang diharapkan\n    assert.strictEqual(actualErrorMessage, 'Epic sadface: Username and password do not match any user in this service', 'Pesan error tidak sesuai dengan yang diharapkan.');\n//  Driver akan ditutup\n    await driver.quit();",
              "err": {},
              "uuid": "672a7f95-88d7-424a-9a41-37e29e9c404a",
              "parentUUID": "3732f71d-4ca7-4f97-ab4d-c1c31961a2cf",
              "isHook": false,
              "skipped": false
            },
            {
              "title": "Test Case 3 - Login Positive Test Case",
              "fullTitle": "Google Search Test Test Case 3 - Login Positive Test Case",
              "timedOut": false,
              "duration": 3727,
              "state": "passed",
              "speed": "slow",
              "pass": true,
              "fail": false,
              "pending": false,
              "context": null,
              "code": "const options = new chrome.Options();\noptions.addArguments('--incognito');\ndriver = await new Builder()\n    .forBrowser('chrome')\n    .setChromeOptions(options)\n    .build();\nawait driver.get('https://www.saucedemo.com');\n//  cek lokasi username dengan menggunakan css locator\n    let inputUsername = await driver.findElement(By.css('[data-test=\"username\"]'))\n    \n//  cek lokasi password dengan menggunakan xpath locator\n    let inputPassword = await driver.findElement(By.xpath('//*[@data-test=\"password\"]'))\n//  cek lokasi tombol login dengan menggunakan classname locator\n    let buttonLogin = await driver.findElement(By.className('submit-button btn_action'))\n    \n//  input valid username, valid password dan klik tombol login dengan positive test case        \n    await inputUsername.sendKeys('standard_user')\n    await inputPassword.sendKeys('secret_sauce')\n    await buttonLogin.click()\n//  Memberi waktu maksimal 2 detik\n    await driver.wait(until.urlContains('/inventory.html'), 2000, 'Login failed: did not redirect to inventory page within 2 seconds.');\n\n    //  Verifikasi judul halaman setelah login\n        let pageTitle = await driver.getTitle();\n        assert.strictEqual(pageTitle, 'Swag Labs', 'Page title should be \"Swag Labs\" after successful login.');\n        console.log('Login successful and page title \"Swag Labs\" is correct.');\n        \n    //  Driver akan ditutup\n        await driver.quit();",
              "err": {},
              "uuid": "1bad5c47-825c-4276-baa1-7da3bcb77f35",
              "parentUUID": "3732f71d-4ca7-4f97-ab4d-c1c31961a2cf",
              "isHook": false,
              "skipped": false
            }
          ],
          "suites": [],
          "passes": [
            "672a7f95-88d7-424a-9a41-37e29e9c404a",
            "1bad5c47-825c-4276-baa1-7da3bcb77f35"
          ],
          "failures": [],
          "pending": [],
          "skipped": [],
          "duration": 7353,
          "root": false,
          "rootEmpty": false,
          "_timeout": 60000
        },
        {
          "uuid": "e7727c9e-91e3-4bd1-9b59-333fea9a5d1d",
          "title": "Google Search Test",
          "fullFile": "C:\\Users\\henun\\Sesi9_Hendra\\tests\\test3-sort.js",
          "file": "\\tests\\test3-sort.js",
          "beforeHooks": [],
          "afterHooks": [],
          "tests": [
            {
              "title": "Test Case 4 - Sort Product Z - A",
              "fullTitle": "Google Search Test Test Case 4 - Sort Product Z - A",
              "timedOut": false,
              "duration": 5346,
              "state": "passed",
              "speed": "slow",
              "pass": true,
              "fail": false,
              "pending": false,
              "context": null,
              "code": "const options = new chrome.Options();\noptions.addArguments('--incognito');\ndriver = await new Builder()\n    .forBrowser('chrome')\n    .setChromeOptions(options)\n    .build();\nawait driver.get('https://www.saucedemo.com');\nlet inputUsername = await driver.findElement(By.css('[data-test=\"username\"]'))\nlet inputPassword = await driver.findElement(By.xpath('//*[@data-test=\"password\"]'))\nlet buttonLogin = await driver.findElement(By.className('submit-button btn_action'))\n    \nawait inputUsername.sendKeys('standard_user')\nawait inputPassword.sendKeys('secret_sauce')\nawait buttonLogin.click()\n// Memberi waktu untuk membuka inventory html\nawait driver.wait(until.urlContains('/inventory.html'), 2000, 'Login failed within 2 seconds.');\nlet pageTitle = await driver.getTitle();\nassert.strictEqual(pageTitle, 'Swag Labs', 'Page title \"Swag Labs\" after successful login.');\nconsole.log('Login successful');\n//Klik Value Z - A\nconst optionZa = await driver.findElement(By.xpath(\"//select[@class='product_sort_container']/option[@value='za']\"));\nawait optionZa.click();\nlet product_sort_container = await driver.findElement(By.xpath('//div[normalize-space()=\"Test.allTheThings() T-Shirt (Red)\"]'));\n//Cek urutan produk\nlet isProductDisplayed = await product_sort_container.isDisplayed();\nassert.strictEqual(isProductDisplayed, true, 'The \"Test.allTheThings() T-Shirt (Red)\" product should be displayed.');\nconsole.log('Berhasil mengklik opsi \"Name (Z to A)\".');\nawait driver.sleep(1700)\nawait driver.quit()",
              "err": {},
              "uuid": "4cca7db1-da70-46ac-98c2-214a98a008e6",
              "parentUUID": "e7727c9e-91e3-4bd1-9b59-333fea9a5d1d",
              "isHook": false,
              "skipped": false
            }
          ],
          "suites": [],
          "passes": [
            "4cca7db1-da70-46ac-98c2-214a98a008e6"
          ],
          "failures": [],
          "pending": [],
          "skipped": [],
          "duration": 5346,
          "root": false,
          "rootEmpty": false,
          "_timeout": 60000
        },
        {
          "uuid": "ffc4796a-d6e7-4d12-9033-9426535799c3",
          "title": "Google Search Test",
          "fullFile": "C:\\Users\\henun\\Sesi9_Hendra\\tests\\test_all.js",
          "file": "\\tests\\test_all.js",
          "beforeHooks": [],
          "afterHooks": [],
          "tests": [
            {
              "title": "Test Case 1 - Web Address",
              "fullTitle": "Google Search Test Test Case 1 - Web Address",
              "timedOut": false,
              "duration": 3260,
              "state": "passed",
              "speed": "slow",
              "pass": true,
              "fail": false,
              "pending": false,
              "context": null,
              "code": "const options = new chrome.Options();\noptions.addArguments('--incognito');\n\n        driver = await new Builder()\n.forBrowser('chrome')\n.setChromeOptions(options)\n.build();\nawait driver.get('https://www.saucedemo.com');\n        \n        //  cek tampilan dari alamat yang dituju dan menandakan test case 1 sukses\nconst title = await driver.getTitle();\nassert.strictEqual(title,'Swag Labs');\n        \n        //  Driver akan ditutup\nawait driver.quit();",
              "err": {},
              "uuid": "ce504dd7-5f18-4037-ae15-319ceabd4d3c",
              "parentUUID": "ffc4796a-d6e7-4d12-9033-9426535799c3",
              "isHook": false,
              "skipped": false
            },
            {
              "title": "Test Case 2 - Login Negative Test Case",
              "fullTitle": "Google Search Test Test Case 2 - Login Negative Test Case",
              "timedOut": false,
              "duration": 3496,
              "state": "passed",
              "speed": "slow",
              "pass": true,
              "fail": false,
              "pending": false,
              "context": null,
              "code": "const options = new chrome.Options();\noptions.addArguments('--incognito');\n\n        driver = await new Builder()\n.forBrowser('chrome')\n.setChromeOptions(options)\n.build();\nawait driver.get('https://www.saucedemo.com');\n\n        //  cek lokasi username dengan menggunakan css locator\nlet inputUsername = await driver.findElement(By.css('[data-test=\"username\"]'))\n\n        //  cek lokasi password dengan menggunakan xpath locator\nlet inputPassword = await driver.findElement(By.xpath('//*[@data-test=\"password\"]'))\n\n        //  cek lokasi tombol login dengan menggunakan classname locator\nlet buttonLogin = await driver.findElement(By.className('submit-button btn_action'))\n\n        //  input username dengan invalid username, valid password dan klik tombol login dengan negative test case        \nawait inputUsername.sendKeys('standard_us')\nawait inputPassword.sendKeys('secret_sauce')\nawait buttonLogin.click()\n\n        //  Mengambil teks dari elemen pesan error\nlet errorMessageElement = await driver.wait(until.elementLocated(By.css('[data-test=\"error\"]')), 2000);\nlet actualErrorMessage = await errorMessageElement.getText();\n\n        //  Membandingkan teks pesan error yang didapat dengan teks pesan error yang diharapkan\nassert.strictEqual(actualErrorMessage, 'Epic sadface: Username and password do not match any user in this service', 'Pesan error tidak sesuai dengan yang diharapkan.');\n\n        //  Driver akan ditutup\nawait driver.quit();",
              "err": {},
              "uuid": "db2e8f3a-f2d1-4f52-b1a1-08159cb76f3a",
              "parentUUID": "ffc4796a-d6e7-4d12-9033-9426535799c3",
              "isHook": false,
              "skipped": false
            },
            {
              "title": "Test Case 3 - Login Positive Test Case",
              "fullTitle": "Google Search Test Test Case 3 - Login Positive Test Case",
              "timedOut": false,
              "duration": 3722,
              "state": "passed",
              "speed": "slow",
              "pass": true,
              "fail": false,
              "pending": false,
              "context": null,
              "code": "const options = new chrome.Options();\noptions.addArguments('--incognito');\n\n        driver = await new Builder()\n.forBrowser('chrome')\n.setChromeOptions(options)\n.build();\nawait driver.get('https://www.saucedemo.com');\n\n        //  cek lokasi username dengan menggunakan css locator\nlet inputUsername = await driver.findElement(By.css('[data-test=\"username\"]'))\n\n        //  cek lokasi password dengan menggunakan xpath locator\nlet inputPassword = await driver.findElement(By.xpath('//*[@data-test=\"password\"]'))\n\n        //  cek lokasi tombol login dengan menggunakan classname locator\nlet buttonLogin = await driver.findElement(By.className('submit-button btn_action'))\n\n        //  input valid username, valid password dan klik tombol login dengan positive test case        \nawait inputUsername.sendKeys('standard_user')\nawait inputPassword.sendKeys('secret_sauce')\nawait buttonLogin.click()\n\n        //  Memberi waktu maksimal 2 detik\nawait driver.wait(until.urlContains('/inventory.html'), 2000, 'Login failed: did not redirect to inventory page within 2 seconds.');\n        \n        //  Verifikasi judul halaman setelah login\nlet pageTitle = await driver.getTitle();\nassert.strictEqual(pageTitle, 'Swag Labs', 'Page title should be \"Swag Labs\" after successful login.');\nconsole.log('Login successful and page title \"Swag Labs\" is correct.');\n    \n        //  Driver akan ditutup\nawait driver.quit();",
              "err": {},
              "uuid": "6a42ad4d-84c1-4c2e-b821-c631dfcdc948",
              "parentUUID": "ffc4796a-d6e7-4d12-9033-9426535799c3",
              "isHook": false,
              "skipped": false
            },
            {
              "title": "Test Case 4 - Sort Product Z - A",
              "fullTitle": "Google Search Test Test Case 4 - Sort Product Z - A",
              "timedOut": false,
              "duration": 5682,
              "state": "passed",
              "speed": "slow",
              "pass": true,
              "fail": false,
              "pending": false,
              "context": null,
              "code": "const options = new chrome.Options();\noptions.addArguments('--incognito');\n         \n        driver = await new Builder()\n.forBrowser('chrome')\n.setChromeOptions(options)\n.build();\nawait driver.get('https://www.saucedemo.com');\n         \nlet inputUsername = await driver.findElement(By.css('[data-test=\"username\"]'))\nlet inputPassword = await driver.findElement(By.xpath('//*[@data-test=\"password\"]'))\nlet buttonLogin = await driver.findElement(By.className('submit-button btn_action'))\n         \nawait inputUsername.sendKeys('standard_user')\nawait inputPassword.sendKeys('secret_sauce')\nawait buttonLogin.click()\n         \n        //  Memberi waktu untuk membuka inventory html\nawait driver.wait(until.urlContains('/inventory.html'), 2000, 'Login failed within 2 seconds.');\nlet pageTitle = await driver.getTitle();\nassert.strictEqual(pageTitle, 'Swag Labs', 'Page title \"Swag Labs\" after successful login.');\nconsole.log('Login successful');\n         \n        //Klik Value Z - A\nconst optionZa = await driver.findElement(By.xpath(\"//select[@class='product_sort_container']/option[@value='za']\"));\nawait optionZa.click();\nlet product_sort_container = await driver.findElement(By.xpath('//div[normalize-space()=\"Test.allTheThings() T-Shirt (Red)\"]'));\n         \n        //Cek urutan produk\nlet isProductDisplayed = await product_sort_container.isDisplayed();\nassert.strictEqual(isProductDisplayed, true, 'The \"Test.allTheThings() T-Shirt (Red)\" product should be displayed.');\nconsole.log('Berhasil mengklik opsi \"Name (Z to A)\".');\n         \n        //  Driver diberi delay sebelum ditutup  \nawait driver.sleep(1700)\nawait driver.quit();",
              "err": {},
              "uuid": "fe9903a0-ded6-4a50-b71e-3a82883ac18a",
              "parentUUID": "ffc4796a-d6e7-4d12-9033-9426535799c3",
              "isHook": false,
              "skipped": false
            }
          ],
          "suites": [],
          "passes": [
            "ce504dd7-5f18-4037-ae15-319ceabd4d3c",
            "db2e8f3a-f2d1-4f52-b1a1-08159cb76f3a",
            "6a42ad4d-84c1-4c2e-b821-c631dfcdc948",
            "fe9903a0-ded6-4a50-b71e-3a82883ac18a"
          ],
          "failures": [],
          "pending": [],
          "skipped": [],
          "duration": 16160,
          "root": false,
          "rootEmpty": false,
          "_timeout": 60000
        }
      ],
      "passes": [],
      "failures": [],
      "pending": [],
      "skipped": [],
      "duration": 0,
      "root": true,
      "rootEmpty": true,
      "_timeout": 60000
    }
  ],
  "meta": {
    "mocha": {
      "version": "10.8.2"
    },
    "mochawesome": {
      "options": {
        "quiet": false,
        "reportFilename": "mochawesome",
        "saveHtml": true,
        "saveJson": true,
        "consoleReporter": "spec",
        "useInlineDiffs": false,
        "code": true
      },
      "version": "7.1.3"
    },
    "marge": {
      "options": null,
      "version": "6.2.0"
    }
  }
}