{
  "stats": {
    "suites": 3,
    "tests": 4,
    "passes": 4,
    "pending": 0,
    "failures": 0,
    "start": "2025-06-22T14:05:08.830Z",
    "end": "2025-06-22T14:05:25.565Z",
    "duration": 16735,
    "testsRegistered": 4,
    "passPercent": 100,
    "pendingPercent": 0,
    "other": 0,
    "hasOther": false,
    "skipped": 0,
    "hasSkipped": false
  },
  "results": [
    {
      "uuid": "cc795cb5-396a-4713-9f1e-fdb15605310b",
      "title": "",
      "fullFile": "",
      "file": "",
      "beforeHooks": [],
      "afterHooks": [],
      "tests": [],
      "suites": [
        {
          "uuid": "6531bf92-ac48-4f76-b689-2b1930d06dca",
          "title": "Google Search Test",
          "fullFile": "C:\\Users\\henun\\Sesi9_Hendra\\tests\\test1-web.js",
          "file": "\\tests\\test1-web.js",
          "beforeHooks": [],
          "afterHooks": [],
          "tests": [
            {
              "title": "Test Case 1 - Web Address",
              "fullTitle": "Google Search Test Test Case 1 - Web Address",
              "timedOut": false,
              "duration": 4532,
              "state": "passed",
              "speed": "slow",
              "pass": true,
              "fail": false,
              "pending": false,
              "context": null,
              "code": "//  browser yang dipergunakan chrome\n            driver = await new Builder().forBrowser('chrome').build();\n        \n        //  alamat browser\n            await driver.get('https://www.saucedemo.com');\n        //  cek tampilan dari alamat yang dituju dan menandakan test case 1 sukses\n            const title = await driver.getTitle();\n            assert.strictEqual(title,'Swag Labs');\n        //  menutup web driver\n            await driver.quit();",
              "err": {},
              "uuid": "d63c35f7-ae39-4f40-827d-6a5336079c0a",
              "parentUUID": "6531bf92-ac48-4f76-b689-2b1930d06dca",
              "isHook": false,
              "skipped": false
            }
          ],
          "suites": [],
          "passes": [
            "d63c35f7-ae39-4f40-827d-6a5336079c0a"
          ],
          "failures": [],
          "pending": [],
          "skipped": [],
          "duration": 4532,
          "root": false,
          "rootEmpty": false,
          "_timeout": 60000
        },
        {
          "uuid": "169d9522-a7bb-4c98-bb87-eb2e490f9bfb",
          "title": "Google Search Test",
          "fullFile": "C:\\Users\\henun\\Sesi9_Hendra\\tests\\test2-login.js",
          "file": "\\tests\\test2-login.js",
          "beforeHooks": [],
          "afterHooks": [],
          "tests": [
            {
              "title": "Test Case 2 - Login Negative Test Case",
              "fullTitle": "Google Search Test Test Case 2 - Login Negative Test Case",
              "timedOut": false,
              "duration": 3870,
              "state": "passed",
              "speed": "slow",
              "pass": true,
              "fail": false,
              "pending": false,
              "context": null,
              "code": "const options = new chrome.Options();\noptions.addArguments('--incognito');\ndriver = await new Builder()\n    .forBrowser('chrome')\n    .setChromeOptions(options)\n    .build();\nawait driver.get('https://www.saucedemo.com');\n//  cek lokasi username dengan menggunakan css locator\n    let inputUsername = await driver.findElement(By.css('[data-test=\"username\"]'))\n    \n//  cek lokasi password dengan menggunakan xpath locator\n    let inputPassword = await driver.findElement(By.xpath('//*[@data-test=\"password\"]'))\n//  cek lokasi tombol login dengan menggunakan classname locator\n    let buttonLogin = await driver.findElement(By.className('submit-button btn_action'))\n    \n//  input username dengan invalid username, valid password dan klik tombol login dengan negative test case        \n    await inputUsername.sendKeys('standard_us')\n    await inputPassword.sendKeys('secret_sauce')\n    await buttonLogin.click()\n//  Mengambil teks dari elemen pesan error\n    let errorMessageElement = await driver.wait(until.elementLocated(By.css('[data-test=\"error\"]')), 2000);\n    let actualErrorMessage = await errorMessageElement.getText();\n//  Membandingkan teks pesan error yang didapat dengan teks pesan error yang diharapkan\n    assert.strictEqual(actualErrorMessage, 'Epic sadface: Username and password do not match any user in this service', 'Pesan error tidak sesuai dengan yang diharapkan.');\n//  Driver akan ditutup\n    await driver.quit();",
              "err": {},
              "uuid": "53bef18f-a83a-4376-9882-c2a26b934b46",
              "parentUUID": "169d9522-a7bb-4c98-bb87-eb2e490f9bfb",
              "isHook": false,
              "skipped": false
            },
            {
              "title": "Test Case 3 - Login Positive Test Case",
              "fullTitle": "Google Search Test Test Case 3 - Login Positive Test Case",
              "timedOut": false,
              "duration": 4161,
              "state": "passed",
              "speed": "slow",
              "pass": true,
              "fail": false,
              "pending": false,
              "context": null,
              "code": "const options = new chrome.Options();\noptions.addArguments('--incognito');\ndriver = await new Builder()\n    .forBrowser('chrome')\n    .setChromeOptions(options)\n    .build();\nawait driver.get('https://www.saucedemo.com');\n//  cek lokasi username dengan menggunakan css locator\n    let inputUsername = await driver.findElement(By.css('[data-test=\"username\"]'))\n    \n//  cek lokasi password dengan menggunakan xpath locator\n    let inputPassword = await driver.findElement(By.xpath('//*[@data-test=\"password\"]'))\n//  cek lokasi tombol login dengan menggunakan classname locator\n    let buttonLogin = await driver.findElement(By.className('submit-button btn_action'))\n    \n//  input valid username, valid password dan klik tombol login dengan positive test case        \n    await inputUsername.sendKeys('standard_user')\n    await inputPassword.sendKeys('secret_sauce')\n    await buttonLogin.click()\n//  Memberi waktu maksimal 2 detik\n    await driver.wait(until.urlContains('/inventory.html'), 2000, 'Login failed: did not redirect to inventory page within 2 seconds.');\n\n    //  Verifikasi judul halaman setelah login\n        let pageTitle = await driver.getTitle();\n        assert.strictEqual(pageTitle, 'Swag Labs', 'Page title should be \"Swag Labs\" after successful login.');\n        console.log('Login successful and page title \"Swag Labs\" is correct.');\n        \n    //  Driver akan ditutup\n        await driver.quit();",
              "err": {},
              "uuid": "402d5069-f250-4a0c-aeb4-1d44435f6141",
              "parentUUID": "169d9522-a7bb-4c98-bb87-eb2e490f9bfb",
              "isHook": false,
              "skipped": false
            }
          ],
          "suites": [],
          "passes": [
            "53bef18f-a83a-4376-9882-c2a26b934b46",
            "402d5069-f250-4a0c-aeb4-1d44435f6141"
          ],
          "failures": [],
          "pending": [],
          "skipped": [],
          "duration": 8031,
          "root": false,
          "rootEmpty": false,
          "_timeout": 60000
        },
        {
          "uuid": "a4dfb4d4-665c-4025-a0a8-004932b4856b",
          "title": "Google Search Test",
          "fullFile": "C:\\Users\\henun\\Sesi9_Hendra\\tests\\test3-sort.js",
          "file": "\\tests\\test3-sort.js",
          "beforeHooks": [],
          "afterHooks": [],
          "tests": [
            {
              "title": "Test Case 4 - Sort Product Z - A",
              "fullTitle": "Google Search Test Test Case 4 - Sort Product Z - A",
              "timedOut": false,
              "duration": 4159,
              "state": "passed",
              "speed": "slow",
              "pass": true,
              "fail": false,
              "pending": false,
              "context": null,
              "code": "const options = new chrome.Options();\noptions.addArguments('--incognito');\ndriver = await new Builder()\n    .forBrowser('chrome')\n    .setChromeOptions(options)\n    .build();\nawait driver.get('https://www.saucedemo.com');\nlet inputUsername = await driver.findElement(By.css('[data-test=\"username\"]'))\nlet inputPassword = await driver.findElement(By.xpath('//*[@data-test=\"password\"]'))\nlet buttonLogin = await driver.findElement(By.className('submit-button btn_action'))\n    \nawait inputUsername.sendKeys('standard_user')\nawait inputPassword.sendKeys('secret_sauce')\nawait buttonLogin.click()\n// Memberi waktu untuk membuka inventory html\nawait driver.wait(until.urlContains('/inventory.html'), 2000, 'Login failed within 2 seconds.');\nlet pageTitle = await driver.getTitle();\nassert.strictEqual(pageTitle, 'Swag Labs', 'Page title \"Swag Labs\" after successful login.');\nconsole.log('Login successful');\n//Klik Value Z - A\nconst optionZa = await driver.findElement(By.xpath(\"//select[@class='product_sort_container']/option[@value='za']\"));\nawait optionZa.click();\nlet product_sort_container = await driver.findElement(By.xpath('//div[normalize-space()=\"Test.allTheThings() T-Shirt (Red)\"]'));\n//Cek urutan produk\nlet isProductDisplayed = await product_sort_container.isDisplayed();\nassert.strictEqual(isProductDisplayed, true, 'The \"Test.allTheThings() T-Shirt (Red)\" product should be displayed.');\nconsole.log('Berhasil mengklik opsi \"Name (Z to A)\".');\nawait driver.quit()",
              "err": {},
              "uuid": "becffff3-ae07-4e07-9979-b8628d676be8",
              "parentUUID": "a4dfb4d4-665c-4025-a0a8-004932b4856b",
              "isHook": false,
              "skipped": false
            }
          ],
          "suites": [],
          "passes": [
            "becffff3-ae07-4e07-9979-b8628d676be8"
          ],
          "failures": [],
          "pending": [],
          "skipped": [],
          "duration": 4159,
          "root": false,
          "rootEmpty": false,
          "_timeout": 60000
        }
      ],
      "passes": [],
      "failures": [],
      "pending": [],
      "skipped": [],
      "duration": 0,
      "root": true,
      "rootEmpty": true,
      "_timeout": 60000
    }
  ],
  "meta": {
    "mocha": {
      "version": "10.8.2"
    },
    "mochawesome": {
      "options": {
        "quiet": false,
        "reportFilename": "mochawesome",
        "saveHtml": true,
        "saveJson": true,
        "consoleReporter": "spec",
        "useInlineDiffs": false,
        "code": true
      },
      "version": "7.1.3"
    },
    "marge": {
      "options": null,
      "version": "6.2.0"
    }
  }
}